#
# There is insufficient memory for the Java Runtime Environment to continue.
# Native memory allocation (mmap) failed to map 264241152 bytes for G1 virtual space
# Possible reasons:
#   The system is out of physical RAM or swap space
#   The process is running with CompressedOops enabled, and the Java Heap may be blocking the growth of the native heap
# Possible solutions:
#   Reduce memory load on the system
#   Increase physical memory or swap space
#   Check if swap backing store is full
#   Decrease Java heap size (-Xmx/-Xms)
#   Decrease number of Java threads
#   Decrease Java thread stack sizes (-Xss)
#   Set larger code cache with -XX:ReservedCodeCacheSize=
#   JVM is running with Zero Based Compressed Oops mode in which the Java heap is
#     placed in the first 32GB address space. The Java Heap base address is the
#     maximum limit for the native heap growth. Please use -XX:HeapBaseMinAddress
#     to set the Java Heap base and to place the Java Heap above 32GB virtual address.
# This output file may be truncated or incomplete.
#
#  Out of Memory Error (os_windows.cpp:3600), pid=17360, tid=14712
#
# JRE version:  (21.0.2+13) (build )
# Java VM: Java HotSpot(TM) 64-Bit Server VM (21.0.2+13-LTS-58, mixed mode, sharing, tiered, compressed oops, compressed class ptrs, g1 gc, windows-amd64)
# No core dump will be written. Minidumps are not enabled by default on client versions of Windows
#

---------------  S U M M A R Y ------------

Command Line: -Dfile.encoding=UTF-8 --module-path=C:\Users\User\Documents\NetBeansProjects\Employee Management System\build\classes employee.management.system.Home

Host: 12th Gen Intel(R) Core(TM) i5-1235U, 12 cores, 15G,  Windows 11 , 64 bit Build 22621 (10.0.22621.3958)
Time: Fri Aug 23 23:45:52 2024 India Standard Time elapsed time: 0.012585 seconds (0d 0h 0m 0s)

---------------  T H R E A D  ---------------

Current thread (0x0000021f48409750):  JavaThread "Unknown thread" [_thread_in_vm, id=14712, stack(0x000000db30200000,0x000000db30300000) (1024K)]

Stack: [0x000000db30200000,0x000000db30300000]
Native frames: (J=compiled Java code, j=interpreted, Vv=VM code, C=native code)
V  [jvm.dll+0x6cade9]
V  [jvm.dll+0x8569c1]
V  [jvm.dll+0x858d2e]
V  [jvm.dll+0x859413]
V  [jvm.dll+0x280e56]
V  [jvm.dll+0x6c74d5]
V  [jvm.dll+0x6bbeca]
V  [jvm.dll+0x355bca]
V  [jvm.dll+0x35d816]
V  [jvm.dll+0x3ae67e]
V  [jvm.dll+0x3ae928]
V  [jvm.dll+0x3295dc]
V  [jvm.dll+0x32a16b]
V  [jvm.dll+0x81efa9]
V  [jvm.dll+0x3bba01]
V  [jvm.dll+0x807928]
V  [jvm.dll+0x44f50e]
V  [jvm.dll+0x450e11]
C  [jli.dll+0x52a3]
C  [ucrtbase.dll+0x29333]
C  [KERNEL32.DLL+0x1257d]
C  [ntdll.dll+0x5af28]


---------------  P R O C E S S  ---------------

Threads class SMR info:
_java_thread_list=0x00007ffb2765bb88, length=0, elements={
}

Java Threads: ( => current thread )
Total: 0

Other Threads:
  0x0000021f4846c0b0 WorkerThread "GC Thread#0"                     [id=436, stack(0x000000db30300000,0x000000db30400000) (1024K)]
  0x0000021f4847ed20 ConcurrentGCThread "G1 Main Marker"            [id=2316, stack(0x000000db30400000,0x000000db30500000) (1024K)]
  0x0000021f48481ed0 WorkerThread "G1 Conc#0"                       [id=24744, stack(0x000000db30500000,0x000000db30600000) (1024K)]

[error occurred during error reporting (printing all threads), id 0xc0000005, EXCEPTION_ACCESS_VIOLATION (0xc0000005) at pc=0x00007ffb26dcc6a7]
VM state: not at safepoint (not fully initialized)

VM Mutex/Monitor currently owned by a thread:  ([mutex/lock_event])
[0x00007ffb276cce68] Heap_lock - owner thread: 0x0000021f48409750

Heap address: 0x0000000704400000, size: 4028 MB, Compressed Oops mode: Zero based, Oop shift amount: 3

CDS archive(s) mapped at: [0x0000000000000000-0x0000000000000000-0x0000000000000000), size 0, SharedBaseAddress: 0x0000000800000000, ArchiveRelocationMode: 1.
Narrow klass base: 0x0000000000000000, Narrow klass shift: 0, Narrow klass range: 0x0

GC Precious Log:
 CardTable entry size: 512
 Card Set container configuration: InlinePtr #cards 4 size 8 Array Of Cards #cards 16 size 48 Howl #buckets 8 coarsen threshold 3686 Howl Bitmap #cards 512 size 80 coarsen threshold 460 Card regions per heap region 1 cards per card region 4096

Heap:
 garbage-first heap   total 0K, used 0K [0x0000000704400000, 0x0000000800000000)
  region size 2048K, 0 young (0K), 0 survivors (0K)

[error occurred during error reporting (printing heap information), id 0xc0000005, EXCEPTION_ACCESS_VIOLATION (0xc0000005) at pc=0x00007ffb271b39f9]
GC Heap History (0 events):
No events

Dll operation events (1 events):
Event: 0.005 Loaded shared library C:\Program Files\Java\jdk-21\bin\java.dll

Deoptimization events (0 events):
No events

Classes loaded (0 events):
No events

Classes unloaded (0 events):
No events

Classes redefined (0 events):
No events

Internal exceptions (0 events):
No events

ZGC Phase Switch (0 events):
No events

VM Operations (0 events):
No events

Events (0 events):
No events


Dynamic libraries:
0x00007ff6cba10000 - 0x00007ff6cba20000 	C:\Program Files\Java\jdk-21\bin\java.exe
0x00007ffbc5a30000 - 0x00007ffbc5c47000 	C:\WINDOWS\SYSTEM32\ntdll.dll
0x00007ffbc52c0000 - 0x00007ffbc5384000 	C:\WINDOWS\System32\KERNEL32.DLL
0x00007ffbc2d50000 - 0x00007ffbc30fd000 	C:\WINDOWS\System32\KERNELBASE.dll
0x00007ffbc3380000 - 0x00007ffbc3491000 	C:\WINDOWS\System32\ucrtbase.dll
0x00007ffbb28e0000 - 0x00007ffbb28f9000 	C:\Program Files\Java\jdk-21\bin\jli.dll
0x00007ffbc5690000 - 0x00007ffbc5742000 	C:\WINDOWS\System32\ADVAPI32.dll
0x00007ffbbbbd0000 - 0x00007ffbbbbeb000 	C:\Program Files\Java\jdk-21\bin\VCRUNTIME140.dll
0x00007ffbc3760000 - 0x00007ffbc3807000 	C:\WINDOWS\System32\msvcrt.dll
0x00007ffbc48e0000 - 0x00007ffbc4989000 	C:\WINDOWS\System32\sechost.dll
0x00007ffbc34a0000 - 0x00007ffbc34c8000 	C:\WINDOWS\System32\bcrypt.dll
0x00007ffbc5570000 - 0x00007ffbc5684000 	C:\WINDOWS\System32\RPCRT4.dll
0x00007ffbc42c0000 - 0x00007ffbc446e000 	C:\WINDOWS\System32\USER32.dll
0x00007ffbc3640000 - 0x00007ffbc3666000 	C:\WINDOWS\System32\win32u.dll
0x00007ffbc47b0000 - 0x00007ffbc47d9000 	C:\WINDOWS\System32\GDI32.dll
0x00007ffba3e10000 - 0x00007ffba40a3000 	C:\WINDOWS\WinSxS\amd64_microsoft.windows.common-controls_6595b64144ccf1df_6.0.22621.3672_none_2713b9d173822955\COMCTL32.dll
0x00007ffbc3100000 - 0x00007ffbc3219000 	C:\WINDOWS\System32\gdi32full.dll
0x00007ffbc32e0000 - 0x00007ffbc337a000 	C:\WINDOWS\System32\msvcp_win.dll
0x00007ffbb54e0000 - 0x00007ffbb54ea000 	C:\WINDOWS\SYSTEM32\VERSION.dll
0x00007ffbc4080000 - 0x00007ffbc40b1000 	C:\WINDOWS\System32\IMM32.DLL
0x00007ffbbcb10000 - 0x00007ffbbcb1c000 	C:\Program Files\Java\jdk-21\bin\vcruntime140_1.dll
0x00007ffb35430000 - 0x00007ffb354be000 	C:\Program Files\Java\jdk-21\bin\msvcp140.dll
0x00007ffb26a90000 - 0x00007ffb277a7000 	C:\Program Files\Java\jdk-21\bin\server\jvm.dll
0x00007ffbc4720000 - 0x00007ffbc4791000 	C:\WINDOWS\System32\WS2_32.dll
0x00007ffbc2c10000 - 0x00007ffbc2c5d000 	C:\WINDOWS\SYSTEM32\POWRPROF.dll
0x00007ffbb93b0000 - 0x00007ffbb93e4000 	C:\WINDOWS\SYSTEM32\WINMM.dll
0x00007ffbc2a40000 - 0x00007ffbc2a53000 	C:\WINDOWS\SYSTEM32\UMPDC.dll
0x00007ffbc1d40000 - 0x00007ffbc1d58000 	C:\WINDOWS\SYSTEM32\kernel.appcore.dll
0x00007ffbbbbc0000 - 0x00007ffbbbbca000 	C:\Program Files\Java\jdk-21\bin\jimage.dll
0x00007ffbc0500000 - 0x00007ffbc0732000 	C:\WINDOWS\SYSTEM32\DBGHELP.DLL
0x00007ffbc49b0000 - 0x00007ffbc4d3d000 	C:\WINDOWS\System32\combase.dll
0x00007ffbc41e0000 - 0x00007ffbc42b7000 	C:\WINDOWS\System32\OLEAUT32.dll
0x00007ffbb69b0000 - 0x00007ffbb69e2000 	C:\WINDOWS\SYSTEM32\dbgcore.DLL
0x00007ffbc3670000 - 0x00007ffbc36eb000 	C:\WINDOWS\System32\bcryptPrimitives.dll
0x00007ffb8f1a0000 - 0x00007ffb8f1bf000 	C:\Program Files\Java\jdk-21\bin\java.dll

dbghelp: loaded successfully - version: 4.0.5 - missing functions: none
symbol engine: initialized successfully - sym options: 0x614 - pdb path: .;C:\Program Files\Java\jdk-21\bin;C:\WINDOWS\SYSTEM32;C:\WINDOWS\WinSxS\amd64_microsoft.windows.common-controls_6595b64144ccf1df_6.0.22621.3672_none_2713b9d173822955;C:\Program Files\Java\jdk-21\bin\server

VM Arguments:
jvm_args: -Dfile.encoding=UTF-8 --module-path=C:\Users\User\Documents\NetBeansProjects\Employee Management System\build\classes 
java_command: employee.management.system.Home
java_class_path (initial): C:\Users\User\Desktop\Employee123\mysql-connector-j-9.0.0\mysql-connector-j-9.0.0.jar;C:\Users\User\Documents\NetBeansProjects\Employee Management System\build\classes
Launcher Type: SUN_STANDARD

[Global flags]
     intx CICompilerCount                          = 4                                         {product} {ergonomic}
     uint ConcGCThreads                            = 3                                         {product} {ergonomic}
     uint G1ConcRefinementThreads                  = 10                                        {product} {ergonomic}
   size_t G1HeapRegionSize                         = 2097152                                   {product} {ergonomic}
    uintx GCDrainStackTargetSize                   = 64                                        {product} {ergonomic}
   size_t InitialHeapSize                          = 264241152                                 {product} {ergonomic}
   size_t MarkStackSize                            = 4194304                                   {product} {ergonomic}
   size_t MaxHeapSize                              = 4223664128                                {product} {ergonomic}
   size_t MinHeapDeltaBytes                        = 2097152                                   {product} {ergonomic}
   size_t MinHeapSize                              = 8388608                                   {product} {ergonomic}
    uintx NonNMethodCodeHeapSize                   = 5839372                                {pd product} {ergonomic}
    uintx NonProfiledCodeHeapSize                  = 122909434                              {pd product} {ergonomic}
    uintx ProfiledCodeHeapSize                     = 122909434                              {pd product} {ergonomic}
    uintx ReservedCodeCacheSize                    = 251658240                              {pd product} {ergonomic}
     bool SegmentedCodeCache                       = true                                      {product} {ergonomic}
   size_t SoftMaxHeapSize                          = 4223664128                             {manageable} {ergonomic}
     bool UseCompressedOops                        = true                           {product lp64_product} {ergonomic}
     bool UseG1GC                                  = true                                      {product} {ergonomic}
     bool UseLargePagesIndividualAllocation        = false                                  {pd product} {ergonomic}

Logging:
Log output configuration:
 #0: stdout all=warning uptime,level,tags foldmultilines=false
 #1: stderr all=off uptime,level,tags foldmultilines=false

Environment Variables:
PATH=C:\Program Files\Common Files\Oracle\Java\javapath;C:\WINDOWS\system32;C:\WINDOWS;C:\WINDOWS\system32\Wbem;C:\Program Files\Python311\Scripts\;C:\Program Files\Python311\;C:\WINDOWS\System32\WindowsPowerShell\v1.0\;C:\WINDOWS\System32\OpenSSH\;C:\MinGW\bin;;C:\WINDOWS\System32\Wbem;C:\Program Files\MySQL\MySQL Shell 8.0\bin\;C:\Users\User\AppData\Local\Microsoft\WindowsApps;C:\Users\User\AppData\Local\Programs\Microsoft VS Code\bin;C:\Users\User\AppData\Local\GitHubDesktop\bin;
USERNAME=User
OS=Windows_NT
PROCESSOR_IDENTIFIER=Intel64 Family 6 Model 154 Stepping 4, GenuineIntel
TMP=C:\Users\User\AppData\Local\Temp
TEMP=C:\Users\User\AppData\Local\Temp




Periodic native trim disabled

---------------  S Y S T E M  ---------------

OS:
 Windows 11 , 64 bit Build 22621 (10.0.22621.3958)
OS uptime: 0 days 4:31 hours
Hyper-V role detected

CPU: total 12 (initial active 12) (6 cores per cpu, 2 threads per core) family 6 model 154 stepping 4 microcode 0x424, cx8, cmov, fxsr, ht, mmx, 3dnowpref, sse, sse2, sse3, ssse3, sse4.1, sse4.2, popcnt, lzcnt, tsc, tscinvbit, avx, avx2, aes, erms, clmul, bmi1, bmi2, adx, sha, fma, vzeroupper, clflush, clflushopt, clwb, hv, serialize, rdtscp, rdpid, fsrm, f16c, cet_ibt, cet_ss
Processor Information for processor 0
  Max Mhz: 1300, Current Mhz: 1300, Mhz Limit: 1300
Processor Information for processor 1
  Max Mhz: 1300, Current Mhz: 1300, Mhz Limit: 1300
Processor Information for processor 2
  Max Mhz: 1300, Current Mhz: 1300, Mhz Limit: 1300
Processor Information for processor 3
  Max Mhz: 1300, Current Mhz: 1300, Mhz Limit: 1300
Processor Information for processor 4
  Max Mhz: 900, Current Mhz: 900, Mhz Limit: 900
Processor Information for processor 5
  Max Mhz: 900, Current Mhz: 900, Mhz Limit: 900
Processor Information for processor 6
  Max Mhz: 900, Current Mhz: 900, Mhz Limit: 900
Processor Information for processor 7
  Max Mhz: 900, Current Mhz: 900, Mhz Limit: 900
Processor Information for processor 8
  Max Mhz: 900, Current Mhz: 900, Mhz Limit: 900
Processor Information for processor 9
  Max Mhz: 900, Current Mhz: 900, Mhz Limit: 900
Processor Information for processor 10
  Max Mhz: 900, Current Mhz: 900, Mhz Limit: 900
Processor Information for processor 11
  Max Mhz: 900, Current Mhz: 900, Mhz Limit: 900

Memory: 4k page, system-wide physical 16108M (809M free)
TotalPageFile size 41822M (AvailPageFile size 152M)
current process WorkingSet (physical memory assigned to process): 11M, peak: 11M
current process commit charge ("private bytes"): 64M, peak: 316M

vm_info: Java HotSpot(TM) 64-Bit Server VM (21.0.2+13-LTS-58) for windows-amd64 JRE (21.0.2+13-LTS-58), built on 2024-01-05T18:32:24Z by "mach5one" with MS VC++ 17.1 (VS2022)

END.
